{"/Users/ehirshfield/Repositories/mapistry-take-home/packages/client/src/components/App.tsx": {"path":"/Users/ehirshfield/Repositories/mapistry-take-home/packages/client/src/components/App.tsx","statementMap":{"0":{"start":{"line":1,"column":0},"end":{"line":1,"column":29}},"1":{"start":{"line":2,"column":0},"end":{"line":2,"column":65}},"2":{"start":{"line":4,"column":19},"end":{"line":7,"column":null}},"3":{"start":{"line":5,"column":2},"end":{"line":6,"column":null}},"4":{"start":{"line":4,"column":13},"end":{"line":4,"column":19}}},"fnMap":{"0":{"name":"(anonymous_0)","decl":{"start":{"line":4,"column":19},"end":{"line":4,"column":22}},"loc":{"start":{"line":5,"column":2},"end":{"line":6,"column":null}}}},"branchMap":{},"s":{"0":1,"1":1,"2":1,"3":1,"4":1},"f":{"0":1},"b":{}}
,"/Users/ehirshfield/Repositories/mapistry-take-home/packages/client/src/components/LogEntryModal/LogEntryModal.tsx": {"path":"/Users/ehirshfield/Repositories/mapistry-take-home/packages/client/src/components/LogEntryModal/LogEntryModal.tsx","statementMap":{"0":{"start":{"line":6,"column":0},"end":{"line":6,"column":39}},"1":{"start":{"line":7,"column":0},"end":{"line":7,"column":56}},"2":{"start":{"line":16,"column":14},"end":{"line":25,"column":2}},"3":{"start":{"line":27,"column":21},"end":{"line":33,"column":2}},"4":{"start":{"line":41,"column":20},"end":{"line":43,"column":2}},"5":{"start":{"line":50,"column":19},"end":{"line":64,"column":2}},"6":{"start":{"line":66,"column":15},"end":{"line":69,"column":2}},"7":{"start":{"line":70,"column":24},"end":{"line":77,"column":2}},"8":{"start":{"line":85,"column":1},"end":{"line":150,"column":3}},"9":{"start":{"line":94,"column":6},"end":{"line":94,"column":29}},"10":{"start":{"line":95,"column":21},"end":{"line":95,"column":null}},"11":{"start":{"line":99,"column":60},"end":{"line":102,"column":8}},"12":{"start":{"line":104,"column":6},"end":{"line":114,"column":null}},"13":{"start":{"line":109,"column":7},"end":{"line":113,"column":9}},"14":{"start":{"line":115,"column":6},"end":{"line":115,"column":29}},"15":{"start":{"line":79,"column":0},"end":{"line":79,"column":16}}},"fnMap":{"0":{"name":"LogEntryModal","decl":{"start":{"line":79,"column":16},"end":{"line":79,"column":29}},"loc":{"start":{"line":84,"column":21},"end":{"line":151,"column":1}}},"1":{"name":"(anonymous_2)","decl":{"start":{"line":93,"column":15},"end":{"line":93,"column":16}},"loc":{"start":{"line":93,"column":47},"end":{"line":116,"column":6}}}},"branchMap":{"0":{"loc":{"start":{"line":104,"column":6},"end":{"line":114,"column":null}},"type":"if","locations":[{"start":{"line":104,"column":6},"end":{"line":114,"column":null}}]},"1":{"loc":{"start":{"line":105,"column":7},"end":{"line":107,"column":31}},"type":"binary-expr","locations":[{"start":{"line":105,"column":7},"end":{"line":105,"column":20}},{"start":{"line":106,"column":7},"end":{"line":106,"column":28}},{"start":{"line":107,"column":7},"end":{"line":107,"column":31}}]},"2":{"loc":{"start":{"line":124,"column":8},"end":{"line":126,"column":13}},"type":"cond-expr","locations":[{"start":{"line":125,"column":11},"end":{"line":125,"column":49}},{"start":{"line":126,"column":11},"end":{"line":126,"column":13}}]},"3":{"loc":{"start":{"line":137,"column":8},"end":{"line":137,"column":49}},"type":"binary-expr","locations":[{"start":{"line":137,"column":8},"end":{"line":137,"column":43}},{"start":{"line":137,"column":47},"end":{"line":137,"column":49}}]}},"s":{"0":1,"1":1,"2":1,"3":1,"4":1,"5":1,"6":1,"7":1,"8":0,"9":0,"10":0,"11":0,"12":0,"13":0,"14":0,"15":1},"f":{"0":0,"1":0},"b":{"0":[0],"1":[0,0,0],"2":[0,0],"3":[0,0]}}
,"/Users/ehirshfield/Repositories/mapistry-take-home/packages/client/src/components/ViewLogEntries/ViewLogEntries.tsx": {"path":"/Users/ehirshfield/Repositories/mapistry-take-home/packages/client/src/components/ViewLogEntries/ViewLogEntries.tsx","statementMap":{"0":{"start":{"line":1,"column":0},"end":{"line":1,"column":46}},"1":{"start":{"line":2,"column":0},"end":{"line":2,"column":39}},"2":{"start":{"line":3,"column":0},"end":{"line":3,"column":66}},"3":{"start":{"line":4,"column":0},"end":{"line":4,"column":58}},"4":{"start":{"line":5,"column":0},"end":{"line":5,"column":80}},"5":{"start":{"line":6,"column":0},"end":{"line":6,"column":40}},"6":{"start":{"line":7,"column":0},"end":{"line":7,"column":44}},"7":{"start":{"line":8,"column":0},"end":{"line":8,"column":63}},"8":{"start":{"line":9,"column":0},"end":{"line":9,"column":68}},"9":{"start":{"line":10,"column":0},"end":{"line":10,"column":62}},"10":{"start":{"line":11,"column":0},"end":{"line":11,"column":60}},"11":{"start":{"line":23,"column":18},"end":{"line":25,"column":2}},"12":{"start":{"line":28,"column":28},"end":{"line":28,"column":47}},"13":{"start":{"line":29,"column":61},"end":{"line":31,"column":3}},"14":{"start":{"line":32,"column":51},"end":{"line":32,"column":66}},"15":{"start":{"line":33,"column":47},"end":{"line":33,"column":62}},"16":{"start":{"line":35,"column":2},"end":{"line":40,"column":4}},"17":{"start":{"line":42,"column":22},"end":{"line":44,"column":7}},"18":{"start":{"line":43,"column":2},"end":{"line":43,"column":29}},"19":{"start":{"line":46,"column":26},"end":{"line":49,"column":47}},"20":{"start":{"line":47,"column":2},"end":{"line":47,"column":30}},"21":{"start":{"line":48,"column":2},"end":{"line":48,"column":28}},"22":{"start":{"line":51,"column":30},"end":{"line":57,"column":null}},"23":{"start":{"line":53,"column":3},"end":{"line":53,"column":64}},"24":{"start":{"line":54,"column":3},"end":{"line":54,"column":31}},"25":{"start":{"line":55,"column":3},"end":{"line":55,"column":23}},"26":{"start":{"line":60,"column":28},"end":{"line":66,"column":null}},"27":{"start":{"line":62,"column":3},"end":{"line":62,"column":34}},"28":{"start":{"line":63,"column":3},"end":{"line":63,"column":29}},"29":{"start":{"line":64,"column":3},"end":{"line":64,"column":23}},"30":{"start":{"line":70,"column":2},"end":{"line":72,"column":null}},"31":{"start":{"line":71,"column":3},"end":{"line":71,"column":22}},"32":{"start":{"line":73,"column":2},"end":{"line":77,"column":null}},"33":{"start":{"line":74,"column":3},"end":{"line":76,"column":5}},"34":{"start":{"line":78,"column":2},"end":{"line":86,"column":4}},"35":{"start":{"line":89,"column":1},"end":{"line":112,"column":3}},"36":{"start":{"line":27,"column":0},"end":{"line":27,"column":16}}},"fnMap":{"0":{"name":"ViewLogEntries","decl":{"start":{"line":27,"column":16},"end":{"line":27,"column":30}},"loc":{"start":{"line":27,"column":30},"end":{"line":113,"column":1}}},"1":{"name":"(anonymous_2)","decl":{"start":{"line":42,"column":34},"end":{"line":42,"column":39}},"loc":{"start":{"line":42,"column":45},"end":{"line":44,"column":2}}},"2":{"name":"(anonymous_3)","decl":{"start":{"line":46,"column":38},"end":{"line":46,"column":41}},"loc":{"start":{"line":46,"column":43},"end":{"line":49,"column":2}}},"3":{"name":"(anonymous_4)","decl":{"start":{"line":52,"column":2},"end":{"line":52,"column":7}},"loc":{"start":{"line":52,"column":21},"end":{"line":56,"column":3}}},"4":{"name":"(anonymous_5)","decl":{"start":{"line":61,"column":2},"end":{"line":61,"column":7}},"loc":{"start":{"line":61,"column":21},"end":{"line":65,"column":3}}},"5":{"name":"content","decl":{"start":{"line":69,"column":10},"end":{"line":69,"column":17}},"loc":{"start":{"line":69,"column":17},"end":{"line":87,"column":2}}}},"branchMap":{"0":{"loc":{"start":{"line":70,"column":2},"end":{"line":72,"column":null}},"type":"if","locations":[{"start":{"line":70,"column":2},"end":{"line":72,"column":null}}]},"1":{"loc":{"start":{"line":73,"column":2},"end":{"line":77,"column":null}},"type":"if","locations":[{"start":{"line":73,"column":2},"end":{"line":77,"column":null}}]},"2":{"loc":{"start":{"line":78,"column":9},"end":{"line":85,"column":null}},"type":"cond-expr","locations":[{"start":{"line":79,"column":3},"end":{"line":82,"column":null}},{"start":{"line":85,"column":3},"end":{"line":85,"column":30}}]},"3":{"loc":{"start":{"line":91,"column":4},"end":{"line":96,"column":null}},"type":"binary-expr","locations":[{"start":{"line":91,"column":4},"end":{"line":91,"column":21}},{"start":{"line":92,"column":4},"end":{"line":95,"column":null}}]},"4":{"loc":{"start":{"line":98,"column":4},"end":{"line":104,"column":null}},"type":"binary-expr","locations":[{"start":{"line":98,"column":4},"end":{"line":98,"column":19}},{"start":{"line":99,"column":4},"end":{"line":103,"column":null}}]}},"s":{"0":1,"1":1,"2":1,"3":1,"4":1,"5":1,"6":1,"7":1,"8":1,"9":1,"10":1,"11":1,"12":4,"13":4,"14":4,"15":4,"16":4,"17":4,"18":0,"19":4,"20":0,"21":0,"22":4,"23":0,"24":0,"25":0,"26":4,"27":0,"28":0,"29":0,"30":4,"31":1,"32":3,"33":1,"34":2,"35":4,"36":1},"f":{"0":4,"1":0,"2":0,"3":0,"4":0,"5":4},"b":{"0":[1],"1":[1],"2":[0,2],"3":[4,0],"4":[4,0]}}
,"/Users/ehirshfield/Repositories/mapistry-take-home/packages/client/src/components/ViewLogEntries/ViewLogEntriesEmptyPage.tsx": {"path":"/Users/ehirshfield/Repositories/mapistry-take-home/packages/client/src/components/ViewLogEntries/ViewLogEntriesEmptyPage.tsx","statementMap":{"0":{"start":{"line":1,"column":0},"end":{"line":1,"column":39}},"1":{"start":{"line":3,"column":20},"end":{"line":8,"column":2}},"2":{"start":{"line":11,"column":2},"end":{"line":15,"column":4}},"3":{"start":{"line":10,"column":0},"end":{"line":10,"column":16}}},"fnMap":{"0":{"name":"ViewLogEntriesEmptyPage","decl":{"start":{"line":10,"column":16},"end":{"line":10,"column":39}},"loc":{"start":{"line":10,"column":39},"end":{"line":16,"column":1}}}},"branchMap":{},"s":{"0":1,"1":1,"2":2,"3":1},"f":{"0":2},"b":{}}
,"/Users/ehirshfield/Repositories/mapistry-take-home/packages/client/src/components/ViewLogEntries/ViewLogEntriesHeader.tsx": {"path":"/Users/ehirshfield/Repositories/mapistry-take-home/packages/client/src/components/ViewLogEntries/ViewLogEntriesHeader.tsx","statementMap":{"0":{"start":{"line":1,"column":0},"end":{"line":1,"column":39}},"1":{"start":{"line":8,"column":31},"end":{"line":13,"column":2}},"2":{"start":{"line":19,"column":2},"end":{"line":26,"column":4}},"3":{"start":{"line":15,"column":0},"end":{"line":15,"column":16}}},"fnMap":{"0":{"name":"ViewLogEntriesHeader","decl":{"start":{"line":15,"column":16},"end":{"line":15,"column":36}},"loc":{"start":{"line":18,"column":28},"end":{"line":27,"column":1}}}},"branchMap":{},"s":{"0":1,"1":1,"2":4,"3":1},"f":{"0":4},"b":{}}
,"/Users/ehirshfield/Repositories/mapistry-take-home/packages/client/src/components/ViewLogEntries/ViewLogEntriesTable.tsx": {"path":"/Users/ehirshfield/Repositories/mapistry-take-home/packages/client/src/components/ViewLogEntries/ViewLogEntriesTable.tsx","statementMap":{"0":{"start":{"line":6,"column":0},"end":{"line":6,"column":36}},"1":{"start":{"line":7,"column":0},"end":{"line":7,"column":39}},"2":{"start":{"line":8,"column":0},"end":{"line":8,"column":58}},"3":{"start":{"line":9,"column":0},"end":{"line":9,"column":64}},"4":{"start":{"line":17,"column":20},"end":{"line":31,"column":2}},"5":{"start":{"line":38,"column":43},"end":{"line":38,"column":67}},"6":{"start":{"line":39,"column":22},"end":{"line":47,"column":null}},"7":{"start":{"line":42,"column":3},"end":{"line":45,"column":null}},"8":{"start":{"line":43,"column":4},"end":{"line":43,"column":35}},"9":{"start":{"line":44,"column":4},"end":{"line":44,"column":24}},"10":{"start":{"line":49,"column":20},"end":{"line":57,"column":7}},"11":{"start":{"line":50,"column":2},"end":{"line":55,"column":5}},"12":{"start":{"line":56,"column":2},"end":{"line":56,"column":27}},"13":{"start":{"line":60,"column":2},"end":{"line":68,"column":4}},"14":{"start":{"line":72,"column":2},"end":{"line":85,"column":4}},"15":{"start":{"line":77,"column":20},"end":{"line":77,"column":40}},"16":{"start":{"line":81,"column":41},"end":{"line":81,"column":63}},"17":{"start":{"line":89,"column":2},"end":{"line":95,"column":4}},"18":{"start":{"line":99,"column":2},"end":{"line":101,"column":4}},"19":{"start":{"line":100,"column":40},"end":{"line":100,"column":61}},"20":{"start":{"line":104,"column":1},"end":{"line":111,"column":3}},"21":{"start":{"line":33,"column":0},"end":{"line":33,"column":16}}},"fnMap":{"0":{"name":"ViewLogEntriesTable","decl":{"start":{"line":33,"column":16},"end":{"line":33,"column":35}},"loc":{"start":{"line":37,"column":27},"end":{"line":112,"column":1}}},"1":{"name":"(anonymous_2)","decl":{"start":{"line":40,"column":2},"end":{"line":40,"column":7}},"loc":{"start":{"line":40,"column":21},"end":{"line":46,"column":3}}},"2":{"name":"(anonymous_3)","decl":{"start":{"line":49,"column":32},"end":{"line":49,"column":37}},"loc":{"start":{"line":49,"column":51},"end":{"line":57,"column":2}}},"3":{"name":"columns","decl":{"start":{"line":59,"column":10},"end":{"line":59,"column":17}},"loc":{"start":{"line":59,"column":17},"end":{"line":69,"column":2}}},"4":{"name":"actions","decl":{"start":{"line":71,"column":10},"end":{"line":71,"column":17}},"loc":{"start":{"line":71,"column":44},"end":{"line":86,"column":2}}},"5":{"name":"(anonymous_6)","decl":{"start":{"line":77,"column":14},"end":{"line":77,"column":17}},"loc":{"start":{"line":77,"column":20},"end":{"line":77,"column":40}}},"6":{"name":"(anonymous_7)","decl":{"start":{"line":81,"column":35},"end":{"line":81,"column":38}},"loc":{"start":{"line":81,"column":41},"end":{"line":81,"column":63}}},"7":{"name":"logEntryRow","decl":{"start":{"line":88,"column":10},"end":{"line":88,"column":21}},"loc":{"start":{"line":88,"column":48},"end":{"line":96,"column":2}}},"8":{"name":"rows","decl":{"start":{"line":98,"column":10},"end":{"line":98,"column":14}},"loc":{"start":{"line":98,"column":14},"end":{"line":102,"column":2}}},"9":{"name":"(anonymous_10)","decl":{"start":{"line":100,"column":26},"end":{"line":100,"column":27}},"loc":{"start":{"line":100,"column":40},"end":{"line":100,"column":61}}}},"branchMap":{"0":{"loc":{"start":{"line":42,"column":3},"end":{"line":45,"column":null}},"type":"if","locations":[{"start":{"line":42,"column":3},"end":{"line":45,"column":null}}]}},"s":{"0":1,"1":1,"2":1,"3":1,"4":1,"5":0,"6":0,"7":0,"8":0,"9":0,"10":0,"11":0,"12":0,"13":0,"14":0,"15":0,"16":0,"17":0,"18":0,"19":0,"20":0,"21":1},"f":{"0":0,"1":0,"2":0,"3":0,"4":0,"5":0,"6":0,"7":0,"8":0,"9":0},"b":{"0":[0]}}
,"/Users/ehirshfield/Repositories/mapistry-take-home/packages/client/src/components/shared/Error.tsx": {"path":"/Users/ehirshfield/Repositories/mapistry-take-home/packages/client/src/components/shared/Error.tsx","statementMap":{"0":{"start":{"line":1,"column":0},"end":{"line":1,"column":39}},"1":{"start":{"line":7,"column":29},"end":{"line":15,"column":2}},"2":{"start":{"line":17,"column":21},"end":{"line":24,"column":1}},"3":{"start":{"line":18,"column":22},"end":{"line":18,"column":27}},"4":{"start":{"line":19,"column":2},"end":{"line":23,"column":4}},"5":{"start":{"line":17,"column":13},"end":{"line":17,"column":21}}},"fnMap":{"0":{"name":"(anonymous_1)","decl":{"start":{"line":17,"column":21},"end":{"line":17,"column":22}},"loc":{"start":{"line":17,"column":43},"end":{"line":24,"column":1}}}},"branchMap":{},"s":{"0":1,"1":1,"2":1,"3":1,"4":1,"5":1},"f":{"0":1},"b":{}}
,"/Users/ehirshfield/Repositories/mapistry-take-home/packages/client/src/components/shared/Loading.tsx": {"path":"/Users/ehirshfield/Repositories/mapistry-take-home/packages/client/src/components/shared/Loading.tsx","statementMap":{"0":{"start":{"line":1,"column":0},"end":{"line":1,"column":39}},"1":{"start":{"line":7,"column":29},"end":{"line":12,"column":2}},"2":{"start":{"line":14,"column":23},"end":{"line":17,"column":null}},"3":{"start":{"line":15,"column":2},"end":{"line":16,"column":null}},"4":{"start":{"line":14,"column":13},"end":{"line":14,"column":23}}},"fnMap":{"0":{"name":"(anonymous_1)","decl":{"start":{"line":14,"column":23},"end":{"line":14,"column":26}},"loc":{"start":{"line":15,"column":2},"end":{"line":16,"column":null}}}},"branchMap":{},"s":{"0":1,"1":1,"2":1,"3":1,"4":1},"f":{"0":1},"b":{}}
,"/Users/ehirshfield/Repositories/mapistry-take-home/packages/client/src/hooks/useLastVisitedLog.tsx": {"path":"/Users/ehirshfield/Repositories/mapistry-take-home/packages/client/src/hooks/useLastVisitedLog.tsx","statementMap":{"0":{"start":{"line":1,"column":0},"end":{"line":1,"column":76}},"1":{"start":{"line":3,"column":33},"end":{"line":10,"column":1}},"2":{"start":{"line":4,"column":25},"end":{"line":8,"column":4}},"3":{"start":{"line":9,"column":2},"end":{"line":9,"column":28}},"4":{"start":{"line":3,"column":13},"end":{"line":3,"column":33}}},"fnMap":{"0":{"name":"(anonymous_0)","decl":{"start":{"line":3,"column":33},"end":{"line":3,"column":36}},"loc":{"start":{"line":3,"column":38},"end":{"line":10,"column":1}}}},"branchMap":{},"s":{"0":1,"1":1,"2":4,"3":4,"4":1},"f":{"0":4},"b":{}}
,"/Users/ehirshfield/Repositories/mapistry-take-home/packages/client/src/hooks/useLogEntries.tsx": {"path":"/Users/ehirshfield/Repositories/mapistry-take-home/packages/client/src/hooks/useLogEntries.tsx","statementMap":{"0":{"start":{"line":1,"column":0},"end":{"line":1,"column":57}},"1":{"start":{"line":2,"column":0},"end":{"line":2,"column":null}},"2":{"start":{"line":14,"column":21},"end":{"line":14,"column":23}},"3":{"start":{"line":16,"column":29},"end":{"line":54,"column":1}},"4":{"start":{"line":17,"column":36},"end":{"line":17,"column":51}},"5":{"start":{"line":18,"column":38},"end":{"line":18,"column":77}},"6":{"start":{"line":19,"column":28},"end":{"line":19,"column":47}},"7":{"start":{"line":21,"column":18},"end":{"line":37,"column":13}},"8":{"start":{"line":22,"column":4},"end":{"line":36,"column":null}},"9":{"start":{"line":23,"column":6},"end":{"line":23,"column":25}},"10":{"start":{"line":24,"column":6},"end":{"line":32,"column":null}},"11":{"start":{"line":25,"column":8},"end":{"line":25,"column":28}},"12":{"start":{"line":26,"column":8},"end":{"line":26,"column":42}},"13":{"start":{"line":28,"column":23},"end":{"line":28,"column":51}},"14":{"start":{"line":29,"column":8},"end":{"line":29,"column":30}},"15":{"start":{"line":30,"column":8},"end":{"line":30,"column":28}},"16":{"start":{"line":31,"column":8},"end":{"line":31,"column":30}},"17":{"start":{"line":34,"column":6},"end":{"line":34,"column":26}},"18":{"start":{"line":35,"column":6},"end":{"line":35,"column":18}},"19":{"start":{"line":39,"column":2},"end":{"line":41,"column":16}},"20":{"start":{"line":40,"column":4},"end":{"line":40,"column":14}},"21":{"start":{"line":43,"column":28},"end":{"line":46,"column":3}},"22":{"start":{"line":44,"column":4},"end":{"line":44,"column":24}},"23":{"start":{"line":45,"column":4},"end":{"line":45,"column":14}},"24":{"start":{"line":48,"column":2},"end":{"line":53,"column":4}},"25":{"start":{"line":16,"column":13},"end":{"line":16,"column":29}}},"fnMap":{"0":{"name":"(anonymous_0)","decl":{"start":{"line":16,"column":29},"end":{"line":16,"column":30}},"loc":{"start":{"line":16,"column":64},"end":{"line":54,"column":1}}},"1":{"name":"(anonymous_1)","decl":{"start":{"line":21,"column":30},"end":{"line":21,"column":35}},"loc":{"start":{"line":21,"column":41},"end":{"line":37,"column":3}}},"2":{"name":"(anonymous_2)","decl":{"start":{"line":39,"column":12},"end":{"line":39,"column":15}},"loc":{"start":{"line":39,"column":17},"end":{"line":41,"column":3}}},"3":{"name":"(anonymous_3)","decl":{"start":{"line":43,"column":28},"end":{"line":43,"column":31}},"loc":{"start":{"line":43,"column":33},"end":{"line":46,"column":3}}}},"branchMap":{"0":{"loc":{"start":{"line":24,"column":6},"end":{"line":32,"column":null}},"type":"if","locations":[{"start":{"line":24,"column":6},"end":{"line":32,"column":null}},{"start":{"line":27,"column":13},"end":{"line":32,"column":null}}]},"1":{"loc":{"start":{"line":26,"column":22},"end":{"line":26,"column":40}},"type":"binary-expr","locations":[{"start":{"line":26,"column":22},"end":{"line":26,"column":34}},{"start":{"line":26,"column":38},"end":{"line":26,"column":40}}]},"2":{"loc":{"start":{"line":50,"column":16},"end":{"line":50,"column":32}},"type":"binary-expr","locations":[{"start":{"line":50,"column":16},"end":{"line":50,"column":26}},{"start":{"line":50,"column":30},"end":{"line":50,"column":32}}]}},"s":{"0":1,"1":1,"2":1,"3":1,"4":4,"5":4,"6":4,"7":4,"8":1,"9":1,"10":1,"11":0,"12":0,"13":1,"14":0,"15":0,"16":0,"17":1,"18":1,"19":4,"20":1,"21":4,"22":0,"23":0,"24":4,"25":1},"f":{"0":4,"1":1,"2":1,"3":0},"b":{"0":[0,1],"1":[0,0],"2":[4,0]}}
,"/Users/ehirshfield/Repositories/mapistry-take-home/packages/client/src/shared/apiClient/logsApi.ts": {"path":"/Users/ehirshfield/Repositories/mapistry-take-home/packages/client/src/shared/apiClient/logsApi.ts","statementMap":{"0":{"start":{"line":18,"column":13},"end":{"line":23,"column":3}},"1":{"start":{"line":24,"column":1},"end":{"line":26,"column":null}},"2":{"start":{"line":25,"column":2},"end":{"line":25,"column":49}},"3":{"start":{"line":27,"column":45},"end":{"line":27,"column":61}},"4":{"start":{"line":28,"column":1},"end":{"line":28,"column":19}},"5":{"start":{"line":15,"column":0},"end":{"line":15,"column":7}},"6":{"start":{"line":35,"column":13},"end":{"line":41,"column":3}},"7":{"start":{"line":42,"column":1},"end":{"line":44,"column":null}},"8":{"start":{"line":43,"column":2},"end":{"line":43,"column":48}},"9":{"start":{"line":45,"column":45},"end":{"line":45,"column":61}},"10":{"start":{"line":46,"column":1},"end":{"line":46,"column":20}},"11":{"start":{"line":31,"column":0},"end":{"line":31,"column":7}},"12":{"start":{"line":52,"column":13},"end":{"line":58,"column":3}},"13":{"start":{"line":59,"column":1},"end":{"line":61,"column":null}},"14":{"start":{"line":60,"column":2},"end":{"line":60,"column":48}},"15":{"start":{"line":62,"column":43},"end":{"line":62,"column":59}},"16":{"start":{"line":63,"column":1},"end":{"line":63,"column":24}},"17":{"start":{"line":49,"column":0},"end":{"line":49,"column":7}},"18":{"start":{"line":67,"column":23},"end":{"line":67,"column":31}},"19":{"start":{"line":68,"column":13},"end":{"line":73,"column":3}},"20":{"start":{"line":74,"column":1},"end":{"line":76,"column":null}},"21":{"start":{"line":75,"column":2},"end":{"line":75,"column":48}},"22":{"start":{"line":66,"column":0},"end":{"line":66,"column":7}}},"fnMap":{"0":{"name":"fetchLogEntries","decl":{"start":{"line":15,"column":22},"end":{"line":15,"column":37}},"loc":{"start":{"line":16,"column":14},"end":{"line":29,"column":1}}},"1":{"name":"createLogEntry","decl":{"start":{"line":31,"column":22},"end":{"line":31,"column":36}},"loc":{"start":{"line":34,"column":23},"end":{"line":47,"column":1}}},"2":{"name":"updateLogEntry","decl":{"start":{"line":49,"column":22},"end":{"line":49,"column":36}},"loc":{"start":{"line":50,"column":30},"end":{"line":64,"column":1}}},"3":{"name":"deleteLogEntry","decl":{"start":{"line":66,"column":22},"end":{"line":66,"column":36}},"loc":{"start":{"line":66,"column":63},"end":{"line":77,"column":1}}}},"branchMap":{"0":{"loc":{"start":{"line":24,"column":1},"end":{"line":26,"column":null}},"type":"if","locations":[{"start":{"line":24,"column":1},"end":{"line":26,"column":null}}]},"1":{"loc":{"start":{"line":42,"column":1},"end":{"line":44,"column":null}},"type":"if","locations":[{"start":{"line":42,"column":1},"end":{"line":44,"column":null}}]},"2":{"loc":{"start":{"line":59,"column":1},"end":{"line":61,"column":null}},"type":"if","locations":[{"start":{"line":59,"column":1},"end":{"line":61,"column":null}}]},"3":{"loc":{"start":{"line":74,"column":1},"end":{"line":76,"column":null}},"type":"if","locations":[{"start":{"line":74,"column":1},"end":{"line":76,"column":null}}]}},"s":{"0":1,"1":1,"2":1,"3":0,"4":0,"5":1,"6":0,"7":0,"8":0,"9":0,"10":0,"11":1,"12":0,"13":0,"14":0,"15":0,"16":0,"17":1,"18":0,"19":0,"20":0,"21":0,"22":1},"f":{"0":1,"1":0,"2":0,"3":0},"b":{"0":[1],"1":[0],"2":[0],"3":[0]}}
,"/Users/ehirshfield/Repositories/mapistry-take-home/packages/client/src/styles/reset.css": {"path":"/Users/ehirshfield/Repositories/mapistry-take-home/packages/client/src/styles/reset.css","statementMap":{"0":{"start":{"line":1,"column":0},"end":{"line":1,"column":19}}},"fnMap":{},"branchMap":{},"s":{"0":1},"f":{},"b":{},"_coverageSchema":"1a1c01bbd47fc00a2c39e90264f33305004495a9","hash":"7517bdcee455f3b779940d144e11e4e7f92da1ba"}
,"/Users/ehirshfield/Repositories/mapistry-take-home/packages/client/src/utils/dateUtils.ts": {"path":"/Users/ehirshfield/Repositories/mapistry-take-home/packages/client/src/utils/dateUtils.ts","statementMap":{"0":{"start":{"line":2,"column":11},"end":{"line":2,"column":25}},"1":{"start":{"line":3,"column":14},"end":{"line":3,"column":29}},"2":{"start":{"line":4,"column":15},"end":{"line":4,"column":56}},"3":{"start":{"line":5,"column":13},"end":{"line":5,"column":49}},"4":{"start":{"line":6,"column":1},"end":{"line":6,"column":34}},"5":{"start":{"line":1,"column":0},"end":{"line":1,"column":16}}},"fnMap":{"0":{"name":"toLocalYYYYMMDD","decl":{"start":{"line":1,"column":16},"end":{"line":1,"column":31}},"loc":{"start":{"line":1,"column":51},"end":{"line":7,"column":1}}}},"branchMap":{},"s":{"0":0,"1":0,"2":0,"3":0,"4":0,"5":1},"f":{"0":0},"b":{}}
,"/Users/ehirshfield/Repositories/mapistry-take-home/packages/server/src/application/mappers/LogEntriesApiMapper.ts": {"path":"/Users/ehirshfield/Repositories/mapistry-take-home/packages/server/src/application/mappers/LogEntriesApiMapper.ts","statementMap":{"0":{"start":{"line":6,"column":0},"end":{"line":6,"column":58}},"1":{"start":{"line":10,"column":2},"end":{"line":15,"column":4}},"2":{"start":{"line":22,"column":2},"end":{"line":26,"column":5}},"3":{"start":{"line":30,"column":2},"end":{"line":35,"column":5}},"4":{"start":{"line":8,"column":0},"end":{"line":8,"column":13}}},"fnMap":{"0":{"name":"(anonymous_0)","decl":{"start":{"line":9,"column":8},"end":{"line":9,"column":18}},"loc":{"start":{"line":9,"column":37},"end":{"line":16,"column":2}}},"1":{"name":"(anonymous_1)","decl":{"start":{"line":18,"column":8},"end":{"line":18,"column":25}},"loc":{"start":{"line":20,"column":33},"end":{"line":27,"column":2}}},"2":{"name":"(anonymous_2)","decl":{"start":{"line":29,"column":8},"end":{"line":29,"column":25}},"loc":{"start":{"line":29,"column":61},"end":{"line":36,"column":2}}}},"branchMap":{},"s":{"0":1,"1":2,"2":1,"3":1,"4":1},"f":{"0":2,"1":1,"2":1},"b":{}}
,"/Users/ehirshfield/Repositories/mapistry-take-home/packages/server/src/application/services/LogEntriesService.ts": {"path":"/Users/ehirshfield/Repositories/mapistry-take-home/packages/server/src/application/services/LogEntriesService.ts","statementMap":{"0":{"start":{"line":6,"column":0},"end":{"line":6,"column":101}},"1":{"start":{"line":7,"column":0},"end":{"line":7,"column":91}},"2":{"start":{"line":8,"column":0},"end":{"line":8,"column":69}},"3":{"start":{"line":12,"column":29},"end":{"line":12,"column":60}},"4":{"start":{"line":13,"column":2},"end":{"line":13,"column":50}},"5":{"start":{"line":20,"column":17},"end":{"line":20,"column":42}},"6":{"start":{"line":21,"column":19},"end":{"line":21,"column":66}},"7":{"start":{"line":22,"column":21},"end":{"line":22,"column":52}},"8":{"start":{"line":23,"column":19},"end":{"line":23,"column":60}},"9":{"start":{"line":24,"column":2},"end":{"line":24,"column":37}},"10":{"start":{"line":28,"column":29},"end":{"line":28,"column":60}},"11":{"start":{"line":29,"column":19},"end":{"line":29,"column":64}},"12":{"start":{"line":30,"column":2},"end":{"line":30,"column":54}},"13":{"start":{"line":36,"column":17},"end":{"line":36,"column":42}},"14":{"start":{"line":37,"column":19},"end":{"line":37,"column":59}},"15":{"start":{"line":38,"column":21},"end":{"line":38,"column":67}},"16":{"start":{"line":39,"column":23},"end":{"line":39,"column":64}},"17":{"start":{"line":40,"column":2},"end":{"line":40,"column":41}},"18":{"start":{"line":10,"column":0},"end":{"line":10,"column":13}}},"fnMap":{"0":{"name":"(anonymous_0)","decl":{"start":{"line":11,"column":1},"end":{"line":11,"column":14}},"loc":{"start":{"line":11,"column":28},"end":{"line":14,"column":2}}},"1":{"name":"(anonymous_1)","decl":{"start":{"line":16,"column":1},"end":{"line":16,"column":6}},"loc":{"start":{"line":18,"column":33},"end":{"line":25,"column":2}}},"2":{"name":"(anonymous_2)","decl":{"start":{"line":27,"column":1},"end":{"line":27,"column":6}},"loc":{"start":{"line":27,"column":55},"end":{"line":31,"column":2}}},"3":{"name":"(anonymous_3)","decl":{"start":{"line":33,"column":1},"end":{"line":33,"column":6}},"loc":{"start":{"line":34,"column":37},"end":{"line":41,"column":2}}}},"branchMap":{},"s":{"0":1,"1":1,"2":1,"3":4,"4":4,"5":1,"6":1,"7":1,"8":1,"9":1,"10":1,"11":1,"12":1,"13":1,"14":1,"15":1,"16":1,"17":1,"18":1},"f":{"0":4,"1":1,"2":1,"3":1},"b":{}}
,"/Users/ehirshfield/Repositories/mapistry-take-home/packages/server/src/domain/entities/Entity.ts": {"path":"/Users/ehirshfield/Repositories/mapistry-take-home/packages/server/src/domain/entities/Entity.ts","statementMap":{"0":{"start":{"line":1,"column":0},"end":{"line":1,"column":30}},"1":{"start":{"line":7,"column":34},"end":{"line":7,"column":42}},"2":{"start":{"line":8,"column":4},"end":{"line":8,"column":35}},"3":{"start":{"line":12,"column":4},"end":{"line":12,"column":20}},"4":{"start":{"line":3,"column":0},"end":{"line":3,"column":13}}},"fnMap":{"0":{"name":"(anonymous_0)","decl":{"start":{"line":7,"column":2},"end":{"line":7,"column":34}},"loc":{"start":{"line":7,"column":53},"end":{"line":9,"column":3}}},"1":{"name":"(anonymous_1)","decl":{"start":{"line":11,"column":2},"end":{"line":11,"column":6}},"loc":{"start":{"line":11,"column":8},"end":{"line":13,"column":3}}}},"branchMap":{"0":{"loc":{"start":{"line":8,"column":15},"end":{"line":8,"column":34}},"type":"binary-expr","locations":[{"start":{"line":8,"column":15},"end":{"line":8,"column":17}},{"start":{"line":8,"column":21},"end":{"line":8,"column":34}}]}},"s":{"0":1,"1":4,"2":4,"3":6,"4":1},"f":{"0":4,"1":6},"b":{"0":[4,1]}}
,"/Users/ehirshfield/Repositories/mapistry-take-home/packages/server/src/domain/entities/LogEntry.ts": {"path":"/Users/ehirshfield/Repositories/mapistry-take-home/packages/server/src/domain/entities/LogEntry.ts","statementMap":{"0":{"start":{"line":1,"column":0},"end":{"line":1,"column":54}},"1":{"start":{"line":2,"column":0},"end":{"line":2,"column":34}},"2":{"start":{"line":3,"column":0},"end":{"line":3,"column":30}},"3":{"start":{"line":16,"column":2},"end":{"line":16,"column":46}},"4":{"start":{"line":20,"column":2},"end":{"line":24,"column":null}},"5":{"start":{"line":21,"column":3},"end":{"line":23,"column":5}},"6":{"start":{"line":25,"column":2},"end":{"line":25,"column":43}},"7":{"start":{"line":29,"column":2},"end":{"line":33,"column":null}},"8":{"start":{"line":30,"column":3},"end":{"line":32,"column":5}},"9":{"start":{"line":34,"column":2},"end":{"line":34,"column":67}},"10":{"start":{"line":38,"column":2},"end":{"line":38,"column":58}},"11":{"start":{"line":42,"column":2},"end":{"line":42,"column":28}},"12":{"start":{"line":46,"column":2},"end":{"line":46,"column":29}},"13":{"start":{"line":50,"column":2},"end":{"line":50,"column":26}},"14":{"start":{"line":14,"column":0},"end":{"line":14,"column":13}}},"fnMap":{"0":{"name":"(anonymous_0)","decl":{"start":{"line":15,"column":1},"end":{"line":15,"column":7}},"loc":{"start":{"line":15,"column":62},"end":{"line":17,"column":2}}},"1":{"name":"(anonymous_1)","decl":{"start":{"line":19,"column":1},"end":{"line":19,"column":7}},"loc":{"start":{"line":19,"column":55},"end":{"line":26,"column":2}}},"2":{"name":"(anonymous_2)","decl":{"start":{"line":28,"column":1},"end":{"line":28,"column":7}},"loc":{"start":{"line":28,"column":55},"end":{"line":35,"column":2}}},"3":{"name":"(anonymous_3)","decl":{"start":{"line":37,"column":9},"end":{"line":37,"column":15}},"loc":{"start":{"line":37,"column":64},"end":{"line":39,"column":2}}},"4":{"name":"(anonymous_4)","decl":{"start":{"line":41,"column":1},"end":{"line":41,"column":5}},"loc":{"start":{"line":41,"column":12},"end":{"line":43,"column":2}}},"5":{"name":"(anonymous_5)","decl":{"start":{"line":45,"column":1},"end":{"line":45,"column":5}},"loc":{"start":{"line":45,"column":13},"end":{"line":47,"column":2}}},"6":{"name":"(anonymous_6)","decl":{"start":{"line":49,"column":1},"end":{"line":49,"column":5}},"loc":{"start":{"line":49,"column":10},"end":{"line":51,"column":2}}}},"branchMap":{"0":{"loc":{"start":{"line":20,"column":2},"end":{"line":24,"column":null}},"type":"if","locations":[{"start":{"line":20,"column":2},"end":{"line":24,"column":null}}]},"1":{"loc":{"start":{"line":29,"column":2},"end":{"line":33,"column":null}},"type":"if","locations":[{"start":{"line":29,"column":2},"end":{"line":33,"column":null}}]}},"s":{"0":1,"1":1,"2":1,"3":2,"4":1,"5":0,"6":1,"7":1,"8":0,"9":1,"10":2,"11":4,"12":4,"13":4,"14":1},"f":{"0":2,"1":1,"2":1,"3":2,"4":4,"5":4,"6":4},"b":{"0":[0],"1":[0]}}
,"/Users/ehirshfield/Repositories/mapistry-take-home/packages/server/src/domain/entities/Uuid.ts": {"path":"/Users/ehirshfield/Repositories/mapistry-take-home/packages/server/src/domain/entities/Uuid.ts","statementMap":{"0":{"start":{"line":1,"column":0},"end":{"line":1,"column":28}},"1":{"start":{"line":8,"column":4},"end":{"line":8,"column":18}},"2":{"start":{"line":12,"column":4},"end":{"line":12,"column":20}},"3":{"start":{"line":16,"column":4},"end":{"line":16,"column":22}},"4":{"start":{"line":20,"column":4},"end":{"line":22,"column":null}},"5":{"start":{"line":21,"column":6},"end":{"line":21,"column":37}},"6":{"start":{"line":23,"column":4},"end":{"line":25,"column":null}},"7":{"start":{"line":24,"column":6},"end":{"line":24,"column":29}},"8":{"start":{"line":26,"column":4},"end":{"line":26,"column":17}},"9":{"start":{"line":30,"column":4},"end":{"line":30,"column":55}},"10":{"start":{"line":30,"column":18},"end":{"line":30,"column":55}},"11":{"start":{"line":32,"column":4},"end":{"line":32,"column":29}},"12":{"start":{"line":36,"column":4},"end":{"line":38,"column":6}},"13":{"start":{"line":3,"column":0},"end":{"line":3,"column":13}}},"fnMap":{"0":{"name":"(anonymous_1)","decl":{"start":{"line":7,"column":2},"end":{"line":7,"column":24}},"loc":{"start":{"line":7,"column":34},"end":{"line":9,"column":3}}},"1":{"name":"(anonymous_2)","decl":{"start":{"line":11,"column":2},"end":{"line":11,"column":13}},"loc":{"start":{"line":11,"column":18},"end":{"line":13,"column":3}}},"2":{"name":"(anonymous_3)","decl":{"start":{"line":15,"column":9},"end":{"line":15,"column":17}},"loc":{"start":{"line":15,"column":17},"end":{"line":17,"column":3}}},"3":{"name":"(anonymous_4)","decl":{"start":{"line":19,"column":9},"end":{"line":19,"column":15}},"loc":{"start":{"line":19,"column":34},"end":{"line":27,"column":3}}},"4":{"name":"(anonymous_5)","decl":{"start":{"line":29,"column":9},"end":{"line":29,"column":15}},"loc":{"start":{"line":29,"column":46},"end":{"line":33,"column":3}}},"5":{"name":"(anonymous_6)","decl":{"start":{"line":35,"column":9},"end":{"line":35,"column":15}},"loc":{"start":{"line":35,"column":39},"end":{"line":39,"column":3}}}},"branchMap":{"0":{"loc":{"start":{"line":20,"column":4},"end":{"line":22,"column":null}},"type":"if","locations":[{"start":{"line":20,"column":4},"end":{"line":22,"column":null}}]},"1":{"loc":{"start":{"line":23,"column":4},"end":{"line":25,"column":null}},"type":"if","locations":[{"start":{"line":23,"column":4},"end":{"line":25,"column":null}}]},"2":{"loc":{"start":{"line":30,"column":4},"end":{"line":30,"column":55}},"type":"if","locations":[{"start":{"line":30,"column":4},"end":{"line":30,"column":55}}]}},"s":{"0":1,"1":3,"2":5,"3":3,"4":0,"5":0,"6":0,"7":0,"8":0,"9":3,"10":1,"11":2,"12":0,"13":1},"f":{"0":3,"1":5,"2":3,"3":0,"4":3,"5":0},"b":{"0":[0],"1":[0],"2":[1]}}
,"/Users/ehirshfield/Repositories/mapistry-take-home/packages/server/src/persistence/mappers/LogEntriesPersistenceMapper.ts": {"path":"/Users/ehirshfield/Repositories/mapistry-take-home/packages/server/src/persistence/mappers/LogEntriesPersistenceMapper.ts","statementMap":{"0":{"start":{"line":1,"column":0},"end":{"line":1,"column":58}},"1":{"start":{"line":7,"column":2},"end":{"line":12,"column":4}},"2":{"start":{"line":16,"column":2},"end":{"line":19,"column":4}},"3":{"start":{"line":23,"column":2},"end":{"line":26,"column":4}},"4":{"start":{"line":5,"column":0},"end":{"line":5,"column":13}}},"fnMap":{"0":{"name":"(anonymous_0)","decl":{"start":{"line":6,"column":1},"end":{"line":6,"column":7}},"loc":{"start":{"line":6,"column":40},"end":{"line":13,"column":2}}},"1":{"name":"(anonymous_1)","decl":{"start":{"line":15,"column":1},"end":{"line":15,"column":7}},"loc":{"start":{"line":15,"column":58},"end":{"line":20,"column":2}}},"2":{"name":"(anonymous_2)","decl":{"start":{"line":22,"column":1},"end":{"line":22,"column":7}},"loc":{"start":{"line":22,"column":64},"end":{"line":27,"column":2}}}},"branchMap":{},"s":{"0":1,"1":2,"2":2,"3":0,"4":1},"f":{"0":2,"1":2,"2":0},"b":{}}
,"/Users/ehirshfield/Repositories/mapistry-take-home/packages/server/src/persistence/repositories/LogEntriesQueryRepository.ts": {"path":"/Users/ehirshfield/Repositories/mapistry-take-home/packages/server/src/persistence/repositories/LogEntriesQueryRepository.ts","statementMap":{"0":{"start":{"line":1,"column":0},"end":{"line":1,"column":67}},"1":{"start":{"line":5,"column":4},"end":{"line":5,"column":44}},"2":{"start":{"line":3,"column":0},"end":{"line":3,"column":13}}},"fnMap":{"0":{"name":"(anonymous_0)","decl":{"start":{"line":4,"column":2},"end":{"line":4,"column":7}},"loc":{"start":{"line":4,"column":36},"end":{"line":6,"column":3}}}},"branchMap":{},"s":{"0":1,"1":4,"2":1},"f":{"0":4},"b":{}}
,"/Users/ehirshfield/Repositories/mapistry-take-home/packages/server/src/persistence/repositories/LogEntriesRepository.ts": {"path":"/Users/ehirshfield/Repositories/mapistry-take-home/packages/server/src/persistence/repositories/LogEntriesRepository.ts","statementMap":{"0":{"start":{"line":2,"column":0},"end":{"line":2,"column":67}},"1":{"start":{"line":3,"column":0},"end":{"line":3,"column":58}},"2":{"start":{"line":4,"column":0},"end":{"line":4,"column":85}},"3":{"start":{"line":7,"column":23},"end":{"line":7,"column":36}},"4":{"start":{"line":10,"column":14},"end":{"line":10,"column":65}},"5":{"start":{"line":11,"column":2},"end":{"line":11,"column":37}},"6":{"start":{"line":12,"column":2},"end":{"line":12,"column":18}},"7":{"start":{"line":16,"column":17},"end":{"line":16,"column":52}},"8":{"start":{"line":17,"column":2},"end":{"line":21,"column":null}},"9":{"start":{"line":18,"column":3},"end":{"line":20,"column":5}},"10":{"start":{"line":22,"column":2},"end":{"line":22,"column":61}},"11":{"start":{"line":26,"column":2},"end":{"line":26,"column":51}},"12":{"start":{"line":27,"column":2},"end":{"line":27,"column":27}},"13":{"start":{"line":31,"column":14},"end":{"line":31,"column":65}},"14":{"start":{"line":32,"column":23},"end":{"line":32,"column":57}},"15":{"start":{"line":33,"column":2},"end":{"line":33,"column":67}},"16":{"start":{"line":6,"column":0},"end":{"line":6,"column":13}}},"fnMap":{"0":{"name":"(anonymous_0)","decl":{"start":{"line":7,"column":1},"end":{"line":7,"column":23}},"loc":{"start":{"line":7,"column":36},"end":{"line":7,"column":40}}},"1":{"name":"(anonymous_1)","decl":{"start":{"line":9,"column":1},"end":{"line":9,"column":6}},"loc":{"start":{"line":9,"column":40},"end":{"line":13,"column":2}}},"2":{"name":"(anonymous_2)","decl":{"start":{"line":15,"column":1},"end":{"line":15,"column":6}},"loc":{"start":{"line":15,"column":34},"end":{"line":23,"column":2}}},"3":{"name":"(anonymous_3)","decl":{"start":{"line":25,"column":1},"end":{"line":25,"column":6}},"loc":{"start":{"line":25,"column":41},"end":{"line":28,"column":2}}},"4":{"name":"(anonymous_4)","decl":{"start":{"line":30,"column":1},"end":{"line":30,"column":6}},"loc":{"start":{"line":30,"column":40},"end":{"line":34,"column":2}}}},"branchMap":{"0":{"loc":{"start":{"line":17,"column":2},"end":{"line":21,"column":null}},"type":"if","locations":[{"start":{"line":17,"column":2},"end":{"line":21,"column":null}}]}},"s":{"0":1,"1":1,"2":1,"3":3,"4":1,"5":1,"6":1,"7":1,"8":1,"9":0,"10":1,"11":1,"12":1,"13":1,"14":1,"15":1,"16":1},"f":{"0":3,"1":1,"2":1,"3":1,"4":1},"b":{"0":[0]}}
,"/Users/ehirshfield/Repositories/mapistry-take-home/packages/server/src/shared/database.ts": {"path":"/Users/ehirshfield/Repositories/mapistry-take-home/packages/server/src/shared/database.ts","statementMap":{"0":{"start":{"line":1,"column":0},"end":{"line":1,"column":74}},"1":{"start":{"line":2,"column":0},"end":{"line":2,"column":28}},"2":{"start":{"line":3,"column":0},"end":{"line":3,"column":20}},"3":{"start":{"line":12,"column":51},"end":{"line":37,"column":2}},"4":{"start":{"line":39,"column":18},"end":{"line":39,"column":28}},"5":{"start":{"line":44,"column":2},"end":{"line":54,"column":null}},"6":{"start":{"line":45,"column":3},"end":{"line":45,"column":35}},"7":{"start":{"line":46,"column":14},"end":{"line":46,"column":54}},"8":{"start":{"line":47,"column":3},"end":{"line":47,"column":53}},"9":{"start":{"line":49,"column":3},"end":{"line":52,"column":5}},"10":{"start":{"line":53,"column":3},"end":{"line":53,"column":39}},"11":{"start":{"line":55,"column":2},"end":{"line":55,"column":55}},"12":{"start":{"line":55,"column":35},"end":{"line":55,"column":53}},"13":{"start":{"line":59,"column":2},"end":{"line":59,"column":34}},"14":{"start":{"line":60,"column":13},"end":{"line":60,"column":53}},"15":{"start":{"line":61,"column":21},"end":{"line":61,"column":35}},"16":{"start":{"line":62,"column":2},"end":{"line":62,"column":25}},"17":{"start":{"line":63,"column":2},"end":{"line":63,"column":64}},"18":{"start":{"line":64,"column":2},"end":{"line":64,"column":15}},"19":{"start":{"line":70,"column":2},"end":{"line":70,"column":34}},"20":{"start":{"line":71,"column":13},"end":{"line":71,"column":53}},"21":{"start":{"line":72,"column":21},"end":{"line":72,"column":57}},"22":{"start":{"line":73,"column":2},"end":{"line":73,"column":63}},"23":{"start":{"line":73,"column":33},"end":{"line":73,"column":53}},"24":{"start":{"line":77,"column":2},"end":{"line":77,"column":34}},"25":{"start":{"line":78,"column":13},"end":{"line":78,"column":53}},"26":{"start":{"line":79,"column":21},"end":{"line":79,"column":57}},"27":{"start":{"line":80,"column":16},"end":{"line":80,"column":66}},"28":{"start":{"line":80,"column":45},"end":{"line":80,"column":65}},"29":{"start":{"line":81,"column":2},"end":{"line":81,"column":30}},"30":{"start":{"line":82,"column":2},"end":{"line":82,"column":64}},"31":{"start":{"line":83,"column":2},"end":{"line":83,"column":20}},"32":{"start":{"line":87,"column":2},"end":{"line":87,"column":34}},"33":{"start":{"line":88,"column":13},"end":{"line":88,"column":53}},"34":{"start":{"line":89,"column":21},"end":{"line":89,"column":57}},"35":{"start":{"line":90,"column":16},"end":{"line":90,"column":64}},"36":{"start":{"line":90,"column":45},"end":{"line":90,"column":63}},"37":{"start":{"line":91,"column":2},"end":{"line":95,"column":null}},"38":{"start":{"line":92,"column":3},"end":{"line":92,"column":29}},"39":{"start":{"line":93,"column":3},"end":{"line":93,"column":65}},"40":{"start":{"line":94,"column":3},"end":{"line":94,"column":16}},"41":{"start":{"line":96,"column":2},"end":{"line":96,"column":61}},"42":{"start":{"line":100,"column":2},"end":{"line":102,"column":5}},"43":{"start":{"line":101,"column":3},"end":{"line":101,"column":27}},"44":{"start":{"line":41,"column":0},"end":{"line":41,"column":13}}},"fnMap":{"0":{"name":"(anonymous_1)","decl":{"start":{"line":42,"column":8},"end":{"line":42,"column":14}},"loc":{"start":{"line":42,"column":51},"end":{"line":56,"column":2}}},"1":{"name":"(anonymous_2)","decl":{"start":{"line":55,"column":27},"end":{"line":55,"column":28}},"loc":{"start":{"line":55,"column":35},"end":{"line":55,"column":53}}},"2":{"name":"(anonymous_3)","decl":{"start":{"line":58,"column":8},"end":{"line":58,"column":14}},"loc":{"start":{"line":58,"column":59},"end":{"line":65,"column":2}}},"3":{"name":"(anonymous_4)","decl":{"start":{"line":67,"column":8},"end":{"line":67,"column":14}},"loc":{"start":{"line":68,"column":20},"end":{"line":74,"column":2}}},"4":{"name":"(anonymous_5)","decl":{"start":{"line":73,"column":25},"end":{"line":73,"column":26}},"loc":{"start":{"line":73,"column":33},"end":{"line":73,"column":53}}},"5":{"name":"(anonymous_6)","decl":{"start":{"line":76,"column":8},"end":{"line":76,"column":14}},"loc":{"start":{"line":76,"column":54},"end":{"line":84,"column":2}}},"6":{"name":"(anonymous_7)","decl":{"start":{"line":80,"column":37},"end":{"line":80,"column":38}},"loc":{"start":{"line":80,"column":45},"end":{"line":80,"column":65}}},"7":{"name":"(anonymous_8)","decl":{"start":{"line":86,"column":8},"end":{"line":86,"column":14}},"loc":{"start":{"line":86,"column":59},"end":{"line":97,"column":2}}},"8":{"name":"(anonymous_9)","decl":{"start":{"line":90,"column":37},"end":{"line":90,"column":38}},"loc":{"start":{"line":90,"column":45},"end":{"line":90,"column":63}}},"9":{"name":"(anonymous_10)","decl":{"start":{"line":99,"column":9},"end":{"line":99,"column":15}},"loc":{"start":{"line":99,"column":44},"end":{"line":103,"column":2}}},"10":{"name":"(anonymous_11)","decl":{"start":{"line":100,"column":21},"end":{"line":100,"column":22}},"loc":{"start":{"line":100,"column":33},"end":{"line":102,"column":3}}}},"branchMap":{"0":{"loc":{"start":{"line":73,"column":9},"end":{"line":73,"column":62}},"type":"binary-expr","locations":[{"start":{"line":73,"column":9},"end":{"line":73,"column":54}},{"start":{"line":73,"column":58},"end":{"line":73,"column":62}}]},"1":{"loc":{"start":{"line":91,"column":2},"end":{"line":95,"column":null}},"type":"if","locations":[{"start":{"line":91,"column":2},"end":{"line":95,"column":null}}]},"2":{"loc":{"start":{"line":99,"column":35},"end":{"line":99,"column":44}},"type":"default-arg","locations":[{"start":{"line":99,"column":40},"end":{"line":99,"column":44}}]}},"s":{"0":1,"1":1,"2":1,"3":1,"4":1,"5":6,"6":6,"7":6,"8":6,"9":0,"10":0,"11":6,"12":26,"13":1,"14":1,"15":1,"16":1,"17":1,"18":1,"19":1,"20":1,"21":1,"22":1,"23":4,"24":1,"25":1,"26":1,"27":1,"28":4,"29":1,"30":1,"31":1,"32":1,"33":1,"34":1,"35":1,"36":4,"37":1,"38":1,"39":1,"40":1,"41":0,"42":10,"43":10,"44":1},"f":{"0":6,"1":26,"2":1,"3":1,"4":4,"5":1,"6":4,"7":1,"8":4,"9":10,"10":10},"b":{"0":[1,0],"1":[1],"2":[10]}}
,"/Users/ehirshfield/Repositories/mapistry-take-home/packages/server/src/shared/errors.ts": {"path":"/Users/ehirshfield/Repositories/mapistry-take-home/packages/server/src/shared/errors.ts","statementMap":{"0":{"start":{"line":3,"column":0},"end":{"line":3,"column":13}},"1":{"start":{"line":5,"column":0},"end":{"line":5,"column":13}}},"fnMap":{},"branchMap":{},"s":{"0":1,"1":1},"f":{},"b":{}}
,"/Users/ehirshfield/Repositories/mapistry-take-home/packages/shared/src/constants.ts": {"path":"/Users/ehirshfield/Repositories/mapistry-take-home/packages/shared/src/constants.ts","statementMap":{"0":{"start":{"line":1,"column":13},"end":{"line":1,"column":35}},"1":{"start":{"line":2,"column":13},"end":{"line":2,"column":33}},"2":{"start":{"line":3,"column":13},"end":{"line":3,"column":33}}},"fnMap":{},"branchMap":{},"s":{"0":2,"1":2,"2":2},"f":{},"b":{}}
,"/Users/ehirshfield/Repositories/mapistry-take-home/packages/shared/src/index.ts": {"path":"/Users/ehirshfield/Repositories/mapistry-take-home/packages/shared/src/index.ts","statementMap":{"0":{"start":{"line":1,"column":0},"end":{"line":1,"column":28}},"1":{"start":{"line":2,"column":0},"end":{"line":2,"column":24}}},"fnMap":{},"branchMap":{},"s":{"0":2,"1":2},"f":{},"b":{}}
,"/Users/ehirshfield/Repositories/mapistry-take-home/packages/shared/src/types.ts": {"path":"/Users/ehirshfield/Repositories/mapistry-take-home/packages/shared/src/types.ts","statementMap":{"0":{"start":{"line":21,"column":0},"end":{"line":21,"column":null}},"1":{"start":{"line":22,"column":1},"end":{"line":22,"column":null}},"2":{"start":{"line":23,"column":1},"end":{"line":23,"column":null}},"3":{"start":{"line":24,"column":1},"end":{"line":24,"column":null}},"4":{"start":{"line":25,"column":1},"end":{"line":25,"column":null}},"5":{"start":{"line":26,"column":1},"end":{"line":26,"column":null}},"6":{"start":{"line":27,"column":1},"end":{"line":27,"column":null}},"7":{"start":{"line":28,"column":1},"end":{"line":28,"column":null}},"8":{"start":{"line":29,"column":1},"end":{"line":29,"column":null}},"9":{"start":{"line":30,"column":1},"end":{"line":30,"column":null}},"10":{"start":{"line":31,"column":1},"end":{"line":31,"column":null}},"11":{"start":{"line":32,"column":1},"end":{"line":32,"column":null}},"12":{"start":{"line":33,"column":1},"end":{"line":33,"column":null}},"13":{"start":{"line":34,"column":1},"end":{"line":34,"column":null}}},"fnMap":{"0":{"name":"(anonymous_0)","decl":{"start":{"line":21,"column":0},"end":{"line":21,"column":12}},"loc":{"start":{"line":21,"column":26},"end":{"line":35,"column":1}}}},"branchMap":{"0":{"loc":{"start":{"line":21,"column":12},"end":{"line":21,"column":null}},"type":"binary-expr","locations":[{"start":{"line":21,"column":12},"end":{"line":21,"column":26}},{"start":{"line":21,"column":12},"end":{"line":21,"column":null}}]}},"s":{"0":2,"1":2,"2":2,"3":2,"4":2,"5":2,"6":2,"7":2,"8":2,"9":2,"10":2,"11":2,"12":2,"13":2},"f":{"0":2},"b":{"0":[2,2]}}
}
