TN:
SF:packages/client/src/components/App.tsx
FN:4,(anonymous_0)
FNF:1
FNH:1
FNDA:1,(anonymous_0)
DA:1,1
DA:2,1
DA:4,1
DA:5,1
LF:4
LH:4
BRF:0
BRH:0
end_of_record
TN:
SF:packages/client/src/components/LogEntryModal/LogEntryModal.tsx
FN:79,LogEntryModal
FN:93,(anonymous_2)
FNF:2
FNH:0
FNDA:0,LogEntryModal
FNDA:0,(anonymous_2)
DA:6,1
DA:7,1
DA:16,1
DA:27,1
DA:41,1
DA:50,1
DA:66,1
DA:70,1
DA:79,1
DA:85,0
DA:94,0
DA:95,0
DA:99,0
DA:104,0
DA:109,0
DA:115,0
LF:16
LH:9
BRDA:104,0,0,0
BRDA:105,1,0,0
BRDA:105,1,1,0
BRDA:105,1,2,0
BRDA:124,2,0,0
BRDA:124,2,1,0
BRDA:137,3,0,0
BRDA:137,3,1,0
BRF:8
BRH:0
end_of_record
TN:
SF:packages/client/src/components/ViewLogEntries/ViewLogEntries.tsx
FN:27,ViewLogEntries
FN:42,(anonymous_2)
FN:46,(anonymous_3)
FN:52,(anonymous_4)
FN:61,(anonymous_5)
FN:69,content
FNF:6
FNH:2
FNDA:4,ViewLogEntries
FNDA:0,(anonymous_2)
FNDA:0,(anonymous_3)
FNDA:0,(anonymous_4)
FNDA:0,(anonymous_5)
FNDA:4,content
DA:1,1
DA:2,1
DA:3,1
DA:4,1
DA:5,1
DA:6,1
DA:7,1
DA:8,1
DA:9,1
DA:10,1
DA:11,1
DA:23,1
DA:27,1
DA:28,4
DA:29,4
DA:32,4
DA:33,4
DA:35,4
DA:42,4
DA:43,0
DA:46,4
DA:47,0
DA:48,0
DA:51,4
DA:53,0
DA:54,0
DA:55,0
DA:60,4
DA:62,0
DA:63,0
DA:64,0
DA:70,4
DA:71,1
DA:73,3
DA:74,1
DA:78,2
DA:89,4
LF:37
LH:28
BRDA:70,0,0,1
BRDA:73,1,0,1
BRDA:78,2,0,0
BRDA:78,2,1,2
BRDA:91,3,0,4
BRDA:91,3,1,0
BRDA:98,4,0,4
BRDA:98,4,1,0
BRF:8
BRH:5
end_of_record
TN:
SF:packages/client/src/components/ViewLogEntries/ViewLogEntriesEmptyPage.tsx
FN:10,ViewLogEntriesEmptyPage
FNF:1
FNH:1
FNDA:2,ViewLogEntriesEmptyPage
DA:1,1
DA:3,1
DA:10,1
DA:11,2
LF:4
LH:4
BRF:0
BRH:0
end_of_record
TN:
SF:packages/client/src/components/ViewLogEntries/ViewLogEntriesHeader.tsx
FN:15,ViewLogEntriesHeader
FNF:1
FNH:1
FNDA:4,ViewLogEntriesHeader
DA:1,1
DA:8,1
DA:15,1
DA:19,4
LF:4
LH:4
BRF:0
BRH:0
end_of_record
TN:
SF:packages/client/src/components/ViewLogEntries/ViewLogEntriesTable.tsx
FN:33,ViewLogEntriesTable
FN:40,(anonymous_2)
FN:49,(anonymous_3)
FN:59,columns
FN:71,actions
FN:77,(anonymous_6)
FN:81,(anonymous_7)
FN:88,logEntryRow
FN:98,rows
FN:100,(anonymous_10)
FNF:10
FNH:0
FNDA:0,ViewLogEntriesTable
FNDA:0,(anonymous_2)
FNDA:0,(anonymous_3)
FNDA:0,columns
FNDA:0,actions
FNDA:0,(anonymous_6)
FNDA:0,(anonymous_7)
FNDA:0,logEntryRow
FNDA:0,rows
FNDA:0,(anonymous_10)
DA:6,1
DA:7,1
DA:8,1
DA:9,1
DA:17,1
DA:33,1
DA:38,0
DA:39,0
DA:42,0
DA:43,0
DA:44,0
DA:49,0
DA:50,0
DA:56,0
DA:60,0
DA:72,0
DA:77,0
DA:81,0
DA:89,0
DA:99,0
DA:100,0
DA:104,0
LF:22
LH:6
BRDA:42,0,0,0
BRF:1
BRH:0
end_of_record
TN:
SF:packages/client/src/components/shared/Error.tsx
FN:17,(anonymous_1)
FNF:1
FNH:1
FNDA:1,(anonymous_1)
DA:1,1
DA:7,1
DA:17,1
DA:18,1
DA:19,1
LF:5
LH:5
BRF:0
BRH:0
end_of_record
TN:
SF:packages/client/src/components/shared/Loading.tsx
FN:14,(anonymous_1)
FNF:1
FNH:1
FNDA:1,(anonymous_1)
DA:1,1
DA:7,1
DA:14,1
DA:15,1
LF:4
LH:4
BRF:0
BRH:0
end_of_record
TN:
SF:packages/client/src/hooks/useLastVisitedLog.tsx
FN:3,(anonymous_0)
FNF:1
FNH:1
FNDA:4,(anonymous_0)
DA:1,1
DA:3,1
DA:4,4
DA:9,4
LF:4
LH:4
BRF:0
BRH:0
end_of_record
TN:
SF:packages/client/src/hooks/useLogEntries.tsx
FN:16,(anonymous_0)
FN:21,(anonymous_1)
FN:39,(anonymous_2)
FN:43,(anonymous_3)
FNF:4
FNH:3
FNDA:4,(anonymous_0)
FNDA:1,(anonymous_1)
FNDA:1,(anonymous_2)
FNDA:0,(anonymous_3)
DA:1,1
DA:2,1
DA:14,1
DA:16,1
DA:17,4
DA:18,4
DA:19,4
DA:21,4
DA:22,1
DA:23,1
DA:24,1
DA:25,0
DA:26,0
DA:28,1
DA:29,0
DA:30,0
DA:31,0
DA:34,1
DA:35,1
DA:39,4
DA:40,1
DA:43,4
DA:44,0
DA:45,0
DA:48,4
LF:25
LH:18
BRDA:24,0,0,0
BRDA:24,0,1,1
BRDA:26,1,0,0
BRDA:26,1,1,0
BRDA:50,2,0,4
BRDA:50,2,1,0
BRF:6
BRH:2
end_of_record
TN:
SF:packages/client/src/shared/apiClient/logsApi.ts
FN:15,fetchLogEntries
FN:31,createLogEntry
FN:49,updateLogEntry
FN:66,deleteLogEntry
FNF:4
FNH:1
FNDA:1,fetchLogEntries
FNDA:0,createLogEntry
FNDA:0,updateLogEntry
FNDA:0,deleteLogEntry
DA:15,1
DA:18,1
DA:24,1
DA:25,1
DA:27,0
DA:28,0
DA:31,1
DA:35,0
DA:42,0
DA:43,0
DA:45,0
DA:46,0
DA:49,1
DA:52,0
DA:59,0
DA:60,0
DA:62,0
DA:63,0
DA:66,1
DA:67,0
DA:68,0
DA:74,0
DA:75,0
LF:23
LH:7
BRDA:24,0,0,1
BRDA:42,1,0,0
BRDA:59,2,0,0
BRDA:74,3,0,0
BRF:4
BRH:1
end_of_record
TN:
SF:packages/client/src/styles/reset.css
FNF:0
FNH:0
DA:1,1
LF:1
LH:1
BRF:0
BRH:0
end_of_record
TN:
SF:packages/client/src/utils/dateUtils.ts
FN:1,toLocalYYYYMMDD
FNF:1
FNH:0
FNDA:0,toLocalYYYYMMDD
DA:1,1
DA:2,0
DA:3,0
DA:4,0
DA:5,0
DA:6,0
LF:6
LH:1
BRF:0
BRH:0
end_of_record
TN:
SF:packages/server/src/application/mappers/LogEntriesApiMapper.ts
FN:9,(anonymous_0)
FN:18,(anonymous_1)
FN:29,(anonymous_2)
FNF:3
FNH:3
FNDA:2,(anonymous_0)
FNDA:1,(anonymous_1)
FNDA:1,(anonymous_2)
DA:6,1
DA:8,1
DA:10,2
DA:22,1
DA:30,1
LF:5
LH:5
BRF:0
BRH:0
end_of_record
TN:
SF:packages/server/src/application/services/LogEntriesService.ts
FN:11,(anonymous_0)
FN:16,(anonymous_1)
FN:27,(anonymous_2)
FN:33,(anonymous_3)
FNF:4
FNH:4
FNDA:4,(anonymous_0)
FNDA:1,(anonymous_1)
FNDA:1,(anonymous_2)
FNDA:1,(anonymous_3)
DA:6,1
DA:7,1
DA:8,1
DA:10,1
DA:12,4
DA:13,4
DA:20,1
DA:21,1
DA:22,1
DA:23,1
DA:24,1
DA:28,1
DA:29,1
DA:30,1
DA:36,1
DA:37,1
DA:38,1
DA:39,1
DA:40,1
LF:19
LH:19
BRF:0
BRH:0
end_of_record
TN:
SF:packages/server/src/domain/entities/Entity.ts
FN:7,(anonymous_0)
FN:11,(anonymous_1)
FNF:2
FNH:2
FNDA:4,(anonymous_0)
FNDA:6,(anonymous_1)
DA:1,1
DA:3,1
DA:7,4
DA:8,4
DA:12,6
LF:5
LH:5
BRDA:8,0,0,4
BRDA:8,0,1,1
BRF:2
BRH:2
end_of_record
TN:
SF:packages/server/src/domain/entities/LogEntry.ts
FN:15,(anonymous_0)
FN:19,(anonymous_1)
FN:28,(anonymous_2)
FN:37,(anonymous_3)
FN:41,(anonymous_4)
FN:45,(anonymous_5)
FN:49,(anonymous_6)
FNF:7
FNH:7
FNDA:2,(anonymous_0)
FNDA:1,(anonymous_1)
FNDA:1,(anonymous_2)
FNDA:2,(anonymous_3)
FNDA:4,(anonymous_4)
FNDA:4,(anonymous_5)
FNDA:4,(anonymous_6)
DA:1,1
DA:2,1
DA:3,1
DA:14,1
DA:16,2
DA:20,1
DA:21,0
DA:25,1
DA:29,1
DA:30,0
DA:34,1
DA:38,2
DA:42,4
DA:46,4
DA:50,4
LF:15
LH:13
BRDA:20,0,0,0
BRDA:29,1,0,0
BRF:2
BRH:0
end_of_record
TN:
SF:packages/server/src/domain/entities/Uuid.ts
FN:7,(anonymous_1)
FN:11,(anonymous_2)
FN:15,(anonymous_3)
FN:19,(anonymous_4)
FN:29,(anonymous_5)
FN:35,(anonymous_6)
FNF:6
FNH:4
FNDA:3,(anonymous_1)
FNDA:5,(anonymous_2)
FNDA:3,(anonymous_3)
FNDA:0,(anonymous_4)
FNDA:3,(anonymous_5)
FNDA:0,(anonymous_6)
DA:1,1
DA:3,1
DA:8,3
DA:12,5
DA:16,3
DA:20,0
DA:21,0
DA:23,0
DA:24,0
DA:26,0
DA:30,3
DA:32,2
DA:36,0
LF:13
LH:7
BRDA:20,0,0,0
BRDA:23,1,0,0
BRDA:30,2,0,1
BRF:3
BRH:1
end_of_record
TN:
SF:packages/server/src/persistence/mappers/LogEntriesPersistenceMapper.ts
FN:6,(anonymous_0)
FN:15,(anonymous_1)
FN:22,(anonymous_2)
FNF:3
FNH:2
FNDA:2,(anonymous_0)
FNDA:2,(anonymous_1)
FNDA:0,(anonymous_2)
DA:1,1
DA:5,1
DA:7,2
DA:16,2
DA:23,0
LF:5
LH:4
BRF:0
BRH:0
end_of_record
TN:
SF:packages/server/src/persistence/repositories/LogEntriesQueryRepository.ts
FN:4,(anonymous_0)
FNF:1
FNH:1
FNDA:4,(anonymous_0)
DA:1,1
DA:3,1
DA:5,4
LF:3
LH:3
BRF:0
BRH:0
end_of_record
TN:
SF:packages/server/src/persistence/repositories/LogEntriesRepository.ts
FN:7,(anonymous_0)
FN:9,(anonymous_1)
FN:15,(anonymous_2)
FN:25,(anonymous_3)
FN:30,(anonymous_4)
FNF:5
FNH:5
FNDA:3,(anonymous_0)
FNDA:1,(anonymous_1)
FNDA:1,(anonymous_2)
FNDA:1,(anonymous_3)
FNDA:1,(anonymous_4)
DA:2,1
DA:3,1
DA:4,1
DA:6,1
DA:7,3
DA:10,1
DA:11,1
DA:12,1
DA:16,1
DA:17,1
DA:18,0
DA:22,1
DA:26,1
DA:27,1
DA:31,1
DA:32,1
DA:33,1
LF:17
LH:16
BRDA:17,0,0,0
BRF:1
BRH:0
end_of_record
TN:
SF:packages/server/src/shared/database.ts
FN:42,(anonymous_1)
FN:55,(anonymous_2)
FN:58,(anonymous_3)
FN:67,(anonymous_4)
FN:73,(anonymous_5)
FN:76,(anonymous_6)
FN:80,(anonymous_7)
FN:86,(anonymous_8)
FN:90,(anonymous_9)
FN:99,(anonymous_10)
FN:100,(anonymous_11)
FNF:11
FNH:11
FNDA:6,(anonymous_1)
FNDA:26,(anonymous_2)
FNDA:1,(anonymous_3)
FNDA:1,(anonymous_4)
FNDA:4,(anonymous_5)
FNDA:1,(anonymous_6)
FNDA:4,(anonymous_7)
FNDA:1,(anonymous_8)
FNDA:4,(anonymous_9)
FNDA:10,(anonymous_10)
FNDA:10,(anonymous_11)
DA:1,1
DA:2,1
DA:3,1
DA:12,1
DA:39,1
DA:41,1
DA:44,6
DA:45,6
DA:46,6
DA:47,6
DA:49,0
DA:53,0
DA:55,26
DA:59,1
DA:60,1
DA:61,1
DA:62,1
DA:63,1
DA:64,1
DA:70,1
DA:71,1
DA:72,1
DA:73,4
DA:77,1
DA:78,1
DA:79,1
DA:80,4
DA:81,1
DA:82,1
DA:83,1
DA:87,1
DA:88,1
DA:89,1
DA:90,4
DA:91,1
DA:92,1
DA:93,1
DA:94,1
DA:96,0
DA:100,10
DA:101,10
LF:41
LH:38
BRDA:73,0,0,1
BRDA:73,0,1,0
BRDA:91,1,0,1
BRDA:99,2,0,10
BRF:4
BRH:3
end_of_record
TN:
SF:packages/server/src/shared/errors.ts
FNF:0
FNH:0
DA:3,1
DA:5,1
LF:2
LH:2
BRF:0
BRH:0
end_of_record
TN:
SF:packages/shared/src/constants.ts
FNF:0
FNH:0
DA:1,2
DA:2,2
DA:3,2
LF:3
LH:3
BRF:0
BRH:0
end_of_record
TN:
SF:packages/shared/src/index.ts
FNF:0
FNH:0
DA:1,2
DA:2,2
LF:2
LH:2
BRF:0
BRH:0
end_of_record
TN:
SF:packages/shared/src/types.ts
FN:21,(anonymous_0)
FNF:1
FNH:1
FNDA:2,(anonymous_0)
DA:21,2
DA:22,2
DA:23,2
DA:24,2
DA:25,2
DA:26,2
DA:27,2
DA:28,2
DA:29,2
DA:30,2
DA:31,2
DA:32,2
DA:33,2
DA:34,2
LF:14
LH:14
BRDA:21,0,0,2
BRDA:21,0,1,2
BRF:2
BRH:2
end_of_record
